This is pdfTeX, Version 3.1415926-2.3-1.40.12 (MiKTeX 2.9) (preloaded format=pdflatex 2014.7.5)  5 NOV 2014 11:52
entering extended mode
**SMTCOMP.tex
(C:\cygwin\home\dcok\eprojects\smtcomp\trunk\smtcomp-web\2014\reports\competition-report\SMTCOMP.tex
LaTeX2e <2011/06/27>
Babel <v3.8m> and hyphenation patterns for english, afrikaans, ancientgreek, arabic, armenian, assamese, basque, bengali
, bokmal, bulgarian, catalan, coptic, croatian, czech, danish, dutch, esperanto, estonian, farsi, finnish, french, galic
ian, german, german-x-2009-06-19, greek, gujarati, hindi, hungarian, icelandic, indonesian, interlingua, irish, italian,
 kannada, kurmanji, lao, latin, latvian, lithuanian, malayalam, marathi, mongolian, mongolianlmc, monogreek, ngerman, ng
erman-x-2009-06-19, nynorsk, oriya, panjabi, pinyin, polish, portuguese, romanian, russian, sanskrit, serbian, slovak, s
lovenian, spanish, swedish, swissgerman, tamil, telugu, turkish, turkmen, ukenglish, ukrainian, uppersorbian, usenglishm
ax, welsh, loaded.
(C:\cygwin\home\dcok\eprojects\smtcomp\trunk\smtcomp-web\2014\reports\competition-report\llncs.cls
Document Class: llncs 2010/07/12 v2.17 
 LaTeX document class for Lecture Notes in Computer Science
("C:\Program Files (x86)\MiKTeX 2.9\tex\latex\base\article.cls"
Document Class: article 2007/10/19 v1.4h Standard LaTeX document class
("C:\Program Files (x86)\MiKTeX 2.9\tex\latex\base\size10.clo"
File: size10.clo 2007/10/19 v1.4h Standard LaTeX file (size option)
)
\c@part=\count79
\c@section=\count80
\c@subsection=\count81
\c@subsubsection=\count82
\c@paragraph=\count83
\c@subparagraph=\count84
\c@figure=\count85
\c@table=\count86
\abovecaptionskip=\skip41
\belowcaptionskip=\skip42
\bibindent=\dimen102
)
("C:\Program Files (x86)\MiKTeX 2.9\tex\latex\tools\multicol.sty"
Package: multicol 2011/06/27 v1.7a multicolumn formatting (FMi)
\c@tracingmulticols=\count87
\mult@box=\box26
\multicol@leftmargin=\dimen103
\c@unbalance=\count88
\c@collectmore=\count89
\doublecol@number=\count90
\multicoltolerance=\count91
\multicolpretolerance=\count92
\full@width=\dimen104
\page@free=\dimen105
\premulticols=\dimen106
\postmulticols=\dimen107
\multicolsep=\skip43
\multicolbaselineskip=\skip44
\partial@page=\box27
\last@line=\box28
\mult@rightbox=\box29
\mult@grightbox=\box30
\mult@gfirstbox=\box31
\mult@firstbox=\box32
\@tempa=\box33
\@tempa=\box34
\@tempa=\box35
\@tempa=\box36
\@tempa=\box37
\@tempa=\box38
\@tempa=\box39
\@tempa=\box40
\@tempa=\box41
\@tempa=\box42
\@tempa=\box43
\@tempa=\box44
\@tempa=\box45
\@tempa=\box46
\@tempa=\box47
\@tempa=\box48
\@tempa=\box49
\c@columnbadness=\count93
\c@finalcolumnbadness=\count94
\last@try=\dimen108
\multicolovershoot=\dimen109
\multicolundershoot=\dimen110
\mult@nat@firstbox=\box50
\colbreak@box=\box51
\multicol@sort@counter=\count95
)
("C:\Program Files (x86)\MiKTeX 2.9\tex\latex\oberdiek\aliascnt.sty"
Package: aliascnt 2009/09/08 v1.3 Alias counters (HO)

("C:\Program Files (x86)\MiKTeX 2.9\tex\latex\carlisle\remreset.sty"))
\c@chapter=\count96
LaTeX Font Info:    Redeclaring math symbol \Gamma on input line 362.
LaTeX Font Info:    Redeclaring math symbol \Delta on input line 363.
LaTeX Font Info:    Redeclaring math symbol \Theta on input line 364.
LaTeX Font Info:    Redeclaring math symbol \Lambda on input line 365.
LaTeX Font Info:    Redeclaring math symbol \Xi on input line 366.
LaTeX Font Info:    Redeclaring math symbol \Pi on input line 367.
LaTeX Font Info:    Redeclaring math symbol \Sigma on input line 368.
LaTeX Font Info:    Redeclaring math symbol \Upsilon on input line 369.
LaTeX Font Info:    Redeclaring math symbol \Phi on input line 370.
LaTeX Font Info:    Redeclaring math symbol \Psi on input line 371.
LaTeX Font Info:    Redeclaring math symbol \Omega on input line 372.
\tocchpnum=\dimen111
\tocsecnum=\dimen112
\tocsectotal=\dimen113
\tocsubsecnum=\dimen114
\tocsubsectotal=\dimen115
\tocsubsubsecnum=\dimen116
\tocsubsubsectotal=\dimen117
\tocparanum=\dimen118
\tocparatotal=\dimen119
\tocsubparanum=\dimen120
\@tempcntc=\count97
\fnindent=\dimen121
\c@@inst=\count98
\c@@auth=\count99
\c@auco=\count100
\instindent=\dimen122
\authrun=\box52
\authorrunning=\toks14
\tocauthor=\toks15
\titrun=\box53
\titlerunning=\toks16
\toctitle=\toks17
\c@theorem=\count101
\c@case=\count102
\c@conjecture=\count103
\c@corollary=\count104
\c@definition=\count105
\c@example=\count106
\c@exercise=\count107
\c@lemma=\count108
\c@note=\count109
\c@problem=\count110
\c@property=\count111
\c@proposition=\count112
\c@question=\count113
\c@solution=\count114
\c@remark=\count115
\headlineindent=\dimen123
)
("C:\Program Files (x86)\MiKTeX 2.9\tex\latex\hyperref\hyperref.sty"
Package: hyperref 2012/05/13 v6.82q Hypertext links for LaTeX

("C:\Program Files (x86)\MiKTeX 2.9\tex\generic\oberdiek\hobsub-hyperref.sty"
Package: hobsub-hyperref 2012/04/25 v1.12 Bundle oberdiek, subset hyperref (HO)

("C:\Program Files (x86)\MiKTeX 2.9\tex\generic\oberdiek\hobsub-generic.sty"
Package: hobsub-generic 2012/04/25 v1.12 Bundle oberdiek, subset generic (HO)
Package: hobsub 2012/04/25 v1.12 Construct package bundles (HO)
Package: infwarerr 2010/04/08 v1.3 Providing info/warning/error messages (HO)
Package: ltxcmds 2011/11/09 v1.22 LaTeX kernel commands for general use (HO)
Package: ifluatex 2010/03/01 v1.3 Provides the ifluatex switch (HO)
Package ifluatex Info: LuaTeX not detected.
Package: ifvtex 2010/03/01 v1.5 Detect VTeX and its facilities (HO)
Package ifvtex Info: VTeX not detected.
Package: intcalc 2007/09/27 v1.1 Expandable calculations with integers (HO)
Package: ifpdf 2011/01/30 v2.3 Provides the ifpdf switch (HO)
Package ifpdf Info: pdfTeX in PDF mode is detected.
Package: etexcmds 2011/02/16 v1.5 Avoid name clashes with e-TeX commands (HO)
Package etexcmds Info: Could not find \expanded.
(etexcmds)             That can mean that you are not using pdfTeX 1.50 or
(etexcmds)             that some package has redefined \expanded.
(etexcmds)             In the latter case, load this package earlier.
Package: kvsetkeys 2012/04/25 v1.16 Key value parser (HO)
Package: kvdefinekeys 2011/04/07 v1.3 Define keys (HO)
Package: pdftexcmds 2011/11/29 v0.20 Utility functions of pdfTeX for LuaTeX (HO)
Package pdftexcmds Info: LuaTeX not detected.
Package pdftexcmds Info: \pdf@primitive is available.
Package pdftexcmds Info: \pdf@ifprimitive is available.
Package pdftexcmds Info: \pdfdraftmode found.
Package: pdfescape 2011/11/25 v1.13 Implements pdfTeX's escape features (HO)
Package: bigintcalc 2012/04/08 v1.3 Expandable calculations on big integers (HO)
Package: bitset 2011/01/30 v1.1 Handle bit-vector datatype (HO)
Package: uniquecounter 2011/01/30 v1.2 Provide unlimited unique counter (HO)
)
Package hobsub Info: Skipping package `hobsub' (already loaded).
Package: letltxmacro 2010/09/02 v1.4 Let assignment for LaTeX macros (HO)
Package: hopatch 2011/06/24 v1.1 Wrapper for package hooks (HO)
Package: xcolor-patch 2011/01/30 xcolor patch
Package: atveryend 2011/06/30 v1.8 Hooks at the very end of document (HO)
Package atveryend Info: \enddocument detected (standard20110627).
Package: atbegshi 2011/10/05 v1.16 At begin shipout hook (HO)
Package: refcount 2011/10/16 v3.4 Data extraction from label references (HO)
Package: hycolor 2011/01/30 v1.7 Color options for hyperref/bookmark (HO)
)
("C:\Program Files (x86)\MiKTeX 2.9\tex\latex\graphics\keyval.sty"
Package: keyval 1999/03/16 v1.13 key=value parser (DPC)
\KV@toks@=\toks18
)
("C:\Program Files (x86)\MiKTeX 2.9\tex\generic\ifxetex\ifxetex.sty"
Package: ifxetex 2010/09/12 v0.6 Provides ifxetex conditional
)
("C:\Program Files (x86)\MiKTeX 2.9\tex\latex\oberdiek\kvoptions.sty"
Package: kvoptions 2011/06/30 v3.11 Key value format for package options (HO)
)
\@linkdim=\dimen124
\Hy@linkcounter=\count116
\Hy@pagecounter=\count117

("C:\Program Files (x86)\MiKTeX 2.9\tex\latex\hyperref\pd1enc.def"
File: pd1enc.def 2012/05/13 v6.82q Hyperref: PDFDocEncoding definition (HO)
)
\Hy@SavedSpaceFactor=\count118

("C:\Program Files (x86)\MiKTeX 2.9\tex\latex\00miktex\hyperref.cfg"
File: hyperref.cfg 2002/06/06 v1.2 hyperref configuration of TeXLive
)
Package hyperref Info: Hyper figures OFF on input line 4062.
Package hyperref Info: Link nesting OFF on input line 4067.
Package hyperref Info: Hyper index ON on input line 4070.
Package hyperref Info: Plain pages OFF on input line 4077.
Package hyperref Info: Backreferencing OFF on input line 4082.
Package hyperref Info: Implicit mode ON; LaTeX internals redefined.
Package hyperref Info: Bookmarks ON on input line 4300.
\c@Hy@tempcnt=\count119

("C:\Program Files (x86)\MiKTeX 2.9\tex\latex\ltxmisc\url.sty"
\Urlmuskip=\muskip10
Package: url 2006/04/12  ver 3.3  Verb mode for urls, etc.
)
LaTeX Info: Redefining \url on input line 4653.
\Fld@menulength=\count120
\Field@Width=\dimen125
\Fld@charsize=\dimen126
Package hyperref Info: Hyper figures OFF on input line 5773.
Package hyperref Info: Link nesting OFF on input line 5778.
Package hyperref Info: Hyper index ON on input line 5781.
Package hyperref Info: backreferencing OFF on input line 5788.
Package hyperref Info: Link coloring OFF on input line 5793.
Package hyperref Info: Link coloring with OCG OFF on input line 5798.
Package hyperref Info: PDF/A mode OFF on input line 5803.
LaTeX Info: Redefining \ref on input line 5843.
LaTeX Info: Redefining \pageref on input line 5847.
\Hy@abspage=\count121
\c@Item=\count122
\c@Hfootnote=\count123
)

Package hyperref Message: Driver (autodetected): hpdftex.

("C:\Program Files (x86)\MiKTeX 2.9\tex\latex\hyperref\hpdftex.def"
File: hpdftex.def 2012/05/13 v6.82q Hyperref driver for pdfTeX
\Fld@listcount=\count124
\c@bookmark@seq@number=\count125

("C:\Program Files (x86)\MiKTeX 2.9\tex\latex\oberdiek\rerunfilecheck.sty"
Package: rerunfilecheck 2011/04/15 v1.7 Rerun checks for auxiliary files (HO)
Package uniquecounter Info: New unique counter `rerunfilecheck' on input line 282.
)
\Hy@SectionHShift=\skip45
)
("C:\Program Files (x86)\MiKTeX 2.9\tex\latex\graphics\graphicx.sty"
Package: graphicx 1999/02/16 v1.0f Enhanced LaTeX Graphics (DPC,SPQR)

("C:\Program Files (x86)\MiKTeX 2.9\tex\latex\graphics\graphics.sty"
Package: graphics 2009/02/05 v1.0o Standard LaTeX Graphics (DPC,SPQR)

("C:\Program Files (x86)\MiKTeX 2.9\tex\latex\graphics\trig.sty"
Package: trig 1999/03/16 v1.09 sin cos tan (DPC)
)
("C:\Program Files (x86)\MiKTeX 2.9\tex\latex\00miktex\graphics.cfg"
File: graphics.cfg 2007/01/18 v1.5 graphics configuration of teTeX/TeXLive
)
Package graphics Info: Driver file: pdftex.def on input line 91.

("C:\Program Files (x86)\MiKTeX 2.9\tex\latex\pdftex-def\pdftex.def"
File: pdftex.def 2011/05/27 v0.06d Graphics/color for pdfTeX
\Gread@gobject=\count126
))
\Gin@req@height=\dimen127
\Gin@req@width=\dimen128
)
("C:\Program Files (x86)\MiKTeX 2.9\tex\latex\oberdiek\epstopdf.sty"
Package: epstopdf 2010/02/09 v2.5 Conversion with epstopdf on the fly (HO)

("C:\Program Files (x86)\MiKTeX 2.9\tex\latex\oberdiek\epstopdf-base.sty"
Package: epstopdf-base 2010/02/09 v2.5 Base part for package epstopdf

("C:\Program Files (x86)\MiKTeX 2.9\tex\latex\oberdiek\grfext.sty"
Package: grfext 2010/08/19 v1.1 Manage graphics extensions (HO)
)
Package grfext Info: Graphics extension search list:
(grfext)             [.png,.pdf,.jpg,.mps,.jpeg,.jbig2,.jb2,.PNG,.PDF,.JPG,.JPEG,.JBIG2,.JB2,.eps]
(grfext)             \AppendGraphicsExtensions on input line 452.
))
("C:\Program Files (x86)\MiKTeX 2.9\tex\latex\ltxmisc\parskip.sty"
Package: parskip 2001/04/09 non-zero parskip adjustments
)
(C:\Users\dcok\AppData\Roaming\MiKTeX\2.9\tex\latex\caption\subcaption.sty
Package: subcaption 2012/01/12 v1.1d Sub-captions (AR)

(C:\Users\dcok\AppData\Roaming\MiKTeX\2.9\tex\latex\caption\caption.sty
Package: caption 2012/02/19 v3.2f Customizing captions (AR)

(C:\Users\dcok\AppData\Roaming\MiKTeX\2.9\tex\latex\caption\caption3.sty
Package: caption3 2012/01/12 v1.4b caption3 kernel (AR)
\captionmargin=\dimen129
\captionmargin@=\dimen130
\captionwidth=\dimen131
\caption@indent=\dimen132
\caption@parindent=\dimen133
\caption@hangindent=\dimen134
Package caption Info: Unknown document class (or package),
(caption)             standard defaults will be used.
)

Package caption Warning: Unsupported document class (or package) detected,
(caption)                usage of the caption package is not recommended.
See the caption package documentation for explanation.

Package caption Info: \@makecaption = \long macro:#1#2->\small \vskip \abovecaptionskip \sbox \@tempboxa {{\bfseries #1.
} #2}\ifdim \wd \@tempboxa >\hsize {\bfseries #1.} #2\par \else \global \@minipagefalse \hb@xt@ \hsize {\hfil \box \@tem
pboxa \hfil }\fi \vskip \belowcaptionskip .
\c@ContinuedFloat=\count127
Package caption Info: hyperref package is loaded.
)
\c@subfigure=\count128
\c@subtable=\count129
) (C:\Users\dcok\AppData\Roaming\MiKTeX\2.9\tex\latex\xcolor\xcolor.sty
Package: xcolor 2007/01/21 v2.11 LaTeX color extensions (UK)

("C:\Program Files (x86)\MiKTeX 2.9\tex\latex\00miktex\color.cfg"
File: color.cfg 2007/01/18 v1.5 color configuration of teTeX/TeXLive
)
Package xcolor Info: Driver file: pdftex.def on input line 225.
Package xcolor Info: Model `cmy' substituted by `cmy0' on input line 1337.
Package xcolor Info: Model `hsb' substituted by `rgb' on input line 1341.
Package xcolor Info: Model `RGB' extended on input line 1353.
Package xcolor Info: Model `HTML' substituted by `rgb' on input line 1355.
Package xcolor Info: Model `Hsb' substituted by `hsb' on input line 1356.
Package xcolor Info: Model `tHsb' substituted by `hsb' on input line 1357.
Package xcolor Info: Model `HSB' substituted by `hsb' on input line 1358.
Package xcolor Info: Model `Gray' substituted by `gray' on input line 1359.
Package xcolor Info: Model `wave' substituted by `hsb' on input line 1360.
)
(C:\cygwin\home\dcok\eprojects\smtcomp\trunk\smtcomp-web\2014\reports\competition-report\SMTCOMP.aux)
LaTeX Font Info:    Checking defaults for OML/cmm/m/it on input line 45.
LaTeX Font Info:    ... okay on input line 45.
LaTeX Font Info:    Checking defaults for T1/cmr/m/n on input line 45.
LaTeX Font Info:    ... okay on input line 45.
LaTeX Font Info:    Checking defaults for OT1/cmr/m/n on input line 45.
LaTeX Font Info:    ... okay on input line 45.
LaTeX Font Info:    Checking defaults for OMS/cmsy/m/n on input line 45.
LaTeX Font Info:    ... okay on input line 45.
LaTeX Font Info:    Checking defaults for OMX/cmex/m/n on input line 45.
LaTeX Font Info:    ... okay on input line 45.
LaTeX Font Info:    Checking defaults for U/cmr/m/n on input line 45.
LaTeX Font Info:    ... okay on input line 45.
LaTeX Font Info:    Checking defaults for PD1/pdf/m/n on input line 45.
LaTeX Font Info:    ... okay on input line 45.
\AtBeginShipoutBox=\box54
Package hyperref Info: Link coloring OFF on input line 45.

("C:\Program Files (x86)\MiKTeX 2.9\tex\latex\hyperref\nameref.sty"
Package: nameref 2010/04/30 v2.40 Cross-referencing by name of section

("C:\Program Files (x86)\MiKTeX 2.9\tex\generic\oberdiek\gettitlestring.sty"
Package: gettitlestring 2010/12/03 v1.4 Cleanup title references (HO)
)
\c@section@level=\count130
)
LaTeX Info: Redefining \ref on input line 45.
LaTeX Info: Redefining \pageref on input line 45.
LaTeX Info: Redefining \nameref on input line 45.

(C:\cygwin\home\dcok\eprojects\smtcomp\trunk\smtcomp-web\2014\reports\competition-report\SMTCOMP.out)
(C:\cygwin\home\dcok\eprojects\smtcomp\trunk\smtcomp-web\2014\reports\competition-report\SMTCOMP.out)
\@outlinefile=\write3
Package caption Info: Begin \AtBeginDocument code.
Package caption Info: End \AtBeginDocument code.
LaTeX Font Info:    External font `cmex10' loaded for size
(Font)              <7> on input line 63.
LaTeX Font Info:    External font `cmex10' loaded for size
(Font)              <5> on input line 63.
LaTeX Font Info:    External font `cmex10' loaded for size
(Font)              <9> on input line 63.
LaTeX Font Info:    External font `cmex10' loaded for size
(Font)              <6> on input line 63.
LaTeX Font Info:    External font `cmex10' loaded for size
(Font)              <14.4> on input line 66.


LaTeX Warning: Citation `TBD' on page 1 undefined on input line 68.


LaTeX Warning: Citation `TBD' on page 1 undefined on input line 68.


LaTeX Warning: Citation `TBD' on page 1 undefined on input line 73.


LaTeX Warning: Citation `TBD' on page 1 undefined on input line 82.


LaTeX Warning: Citation `TBD' on page 1 undefined on input line 82.


LaTeX Warning: Citation `TBD' on page 1 undefined on input line 89.

[1

{C:/Users/dcok/AppData/Local/MiKTeX/2.9/pdftex/config/pdftex.map}]

LaTeX Warning: Citation `TBD' on page 2 undefined on input line 94.


Underfull \hbox (badness 1661) in paragraph at lines 95--95
[]\OT1/cmr/m/n/9 Give an ex-am-ple of
 []


Underfull \hbox (badness 10000) in paragraph at lines 95--95
[]\OT1/cmr/m/n/9 Provide in-for-ma-tion
 []


Underfull \hbox (badness 6893) in paragraph at lines 95--95
\OT1/cmr/m/n/9 about the sizes of
 []


LaTeX Warning: Marginpar on page 2 moved.


LaTeX Warning: Citation `TBD' on page 2 undefined on input line 100.

[2]
Overfull \hbox (6.79173pt too wide) in paragraph at lines 119--124
[]\OT1/cmr/m/n/9 Second, we wished to en-cour-age sup-port for ad-di-tional ca-pa-bil-i-ties, namely,
 []


Overfull \hbox (1.1505pt too wide) in paragraph at lines 129--133
[]$\OT1/cmtt/m/n/9 www . smtlib . org$[]\OT1/cmr/m/n/9 . The full bench-mark suite con-tains about 100,000 bench-
 []


Overfull \hbox (0.56885pt too wide) in paragraph at lines 129--133
\OT1/cmr/m/n/9 marks. New bench-marks are con-tin-u-ally be-ing added --- ad-di-tional bench-
 []


Underfull \vbox (badness 1584) has occurred while \output is active []

 [3] [4] [5]
Overfull \hbox (6.5022pt too wide) in paragraph at lines 180--181
[]\OT1/cmr/m/n/9 STP2 - sub-mit-ted by Trevor Hansen, U. Mel-bourne, and Vi-jay Ganesh,
 []


Overfull \hbox (3.64706pt too wide) in paragraph at lines 186--230
 [][] 
 []

[6] [7]
Overfull \hbox (12.97101pt too wide) in paragraph at lines 296--297
[]\OT1/cmr/m/n/9 QF[]BV: 9 par-tic-i-pants; Win-ner: Boolec-tor; Open-source win-ner: Boolec-
 []


Overfull \hbox (16.40123pt too wide) in paragraph at lines 303--304
[]\OT1/cmr/m/n/9 Four ad-di-tional di-vi-sions (QF[]IDL, AU-FLIA+p, AUFLIA-p, and AUFNIRA)
 []

[8] <SMTCOMP-Core2.pdf, id=103, 614.295pt x 505.89pt>
File: SMTCOMP-Core2.pdf Graphic file (type pdf)
 <use SMTCOMP-Core2.pdf>
Package pdftex.def Info: SMTCOMP-Core2.pdf used on input line 325.
(pdftex.def)             Requested size: 347.12354pt x 285.86697pt.
 [9]
Underfull \vbox (badness 10000) has occurred while \output is active []

 [10 <C:/cygwin/home/dcok/eprojects/smtcomp/trunk/smtcomp-web/2014/reports/competition-report/SMTCOMP-Core2.pdf>]
Package epstopdf Info: Source file: <QF_BV-scatter-improvement.eps>
(epstopdf)                    date: 2014-10-18 10:27:01
(epstopdf)                    size: 38607 bytes
(epstopdf)             Output file: <QF_BV-scatter-improvement-eps-converted-to.pdf>
(epstopdf)                    date: 2014-10-18 10:27:01
(epstopdf)                    size: 6772 bytes
(epstopdf)             Command: <epstopdf --outfile=QF_BV-scatter-improvement-eps-converted-to.pdf QF_BV-scatter-improve
ment.eps>
(epstopdf)             \includegraphics on input line 366.
Package epstopdf Info: Output file is already uptodate.

<QF_BV-scatter-improvement-eps-converted-to.pdf, id=135, 361.35pt x 252.945pt>
File: QF_BV-scatter-improvement-eps-converted-to.pdf Graphic file (type pdf)

<use QF_BV-scatter-improvement-eps-converted-to.pdf>
Package pdftex.def Info: QF_BV-scatter-improvement-eps-converted-to.pdf used on input line 366.
(pdftex.def)             Requested size: 156.20453pt x 109.34317pt.
Package epstopdf Info: Source file: <QF_AUFBV-scatter-improvement.eps>
(epstopdf)                    date: 2014-10-18 10:27:01
(epstopdf)                    size: 34852 bytes
(epstopdf)             Output file: <QF_AUFBV-scatter-improvement-eps-converted-to.pdf>
(epstopdf)                    date: 2014-10-18 10:27:01
(epstopdf)                    size: 7160 bytes
(epstopdf)             Command: <epstopdf --outfile=QF_AUFBV-scatter-improvement-eps-converted-to.pdf QF_AUFBV-scatter-i
mprovement.eps>
(epstopdf)             \includegraphics on input line 370.
Package epstopdf Info: Output file is already uptodate.

<QF_AUFBV-scatter-improvement-eps-converted-to.pdf, id=136, 361.35pt x 252.945pt>
File: QF_AUFBV-scatter-improvement-eps-converted-to.pdf Graphic file (type pdf)

<use QF_AUFBV-scatter-improvement-eps-converted-to.pdf>
Package pdftex.def Info: QF_AUFBV-scatter-improvement-eps-converted-to.pdf used on input line 370.
(pdftex.def)             Requested size: 156.20453pt x 109.34317pt.
Package epstopdf Info: Source file: <QF_UFLRA-scatter-improvement.eps>
(epstopdf)                    date: 2014-10-18 10:27:01
(epstopdf)                    size: 38407 bytes
(epstopdf)             Output file: <QF_UFLRA-scatter-improvement-eps-converted-to.pdf>
(epstopdf)                    date: 2014-10-18 10:27:01
(epstopdf)                    size: 7246 bytes
(epstopdf)             Command: <epstopdf --outfile=QF_UFLRA-scatter-improvement-eps-converted-to.pdf QF_UFLRA-scatter-i
mprovement.eps>
(epstopdf)             \includegraphics on input line 374.
Package epstopdf Info: Output file is already uptodate.

<QF_UFLRA-scatter-improvement-eps-converted-to.pdf, id=137, 361.35pt x 252.945pt>
File: QF_UFLRA-scatter-improvement-eps-converted-to.pdf Graphic file (type pdf)

<use QF_UFLRA-scatter-improvement-eps-converted-to.pdf>
Package pdftex.def Info: QF_UFLRA-scatter-improvement-eps-converted-to.pdf used on input line 374.
(pdftex.def)             Requested size: 156.20453pt x 109.34317pt.
Package epstopdf Info: Source file: <QF_UFLIA-scatter-improvement.eps>
(epstopdf)                    date: 2014-10-18 10:27:01
(epstopdf)                    size: 38676 bytes
(epstopdf)             Output file: <QF_UFLIA-scatter-improvement-eps-converted-to.pdf>
(epstopdf)                    date: 2014-10-18 10:27:01
(epstopdf)                    size: 7709 bytes
(epstopdf)             Command: <epstopdf --outfile=QF_UFLIA-scatter-improvement-eps-converted-to.pdf QF_UFLIA-scatter-i
mprovement.eps>
(epstopdf)             \includegraphics on input line 378.
Package epstopdf Info: Output file is already uptodate.

<QF_UFLIA-scatter-improvement-eps-converted-to.pdf, id=138, 361.35pt x 252.945pt>
File: QF_UFLIA-scatter-improvement-eps-converted-to.pdf Graphic file (type pdf)

<use QF_UFLIA-scatter-improvement-eps-converted-to.pdf>
Package pdftex.def Info: QF_UFLIA-scatter-improvement-eps-converted-to.pdf used on input line 378.
(pdftex.def)             Requested size: 156.20453pt x 109.34317pt.
Package epstopdf Info: Source file: <AUFLIA+p-scatter-improvement.eps>
(epstopdf)                    date: 2014-10-18 10:27:00
(epstopdf)                    size: 38356 bytes
(epstopdf)             Output file: <AUFLIA+p-scatter-improvement-eps-converted-to.pdf>
(epstopdf)                    date: 2014-10-18 10:27:00
(epstopdf)                    size: 6598 bytes
(epstopdf)             Command: <epstopdf --outfile=AUFLIA+p-scatter-improvement-eps-converted-to.pdf AUFLIA+p-scatter-i
mprovement.eps>
(epstopdf)             \includegraphics on input line 382.
Package epstopdf Info: Output file is already uptodate.

<AUFLIA+p-scatter-improvement-eps-converted-to.pdf, id=139, 361.35pt x 252.945pt>
File: AUFLIA+p-scatter-improvement-eps-converted-to.pdf Graphic file (type pdf)

<use AUFLIA+p-scatter-improvement-eps-converted-to.pdf>
Package pdftex.def Info: AUFLIA+p-scatter-improvement-eps-converted-to.pdf used on input line 382.
(pdftex.def)             Requested size: 156.20453pt x 109.34317pt.
Package epstopdf Info: Source file: <AUFLIA-p-scatter-improvement.eps>
(epstopdf)                    date: 2014-10-18 10:27:00
(epstopdf)                    size: 38367 bytes
(epstopdf)             Output file: <AUFLIA-p-scatter-improvement-eps-converted-to.pdf>
(epstopdf)                    date: 2014-10-18 10:27:00
(epstopdf)                    size: 6507 bytes
(epstopdf)             Command: <epstopdf --outfile=AUFLIA-p-scatter-improvement-eps-converted-to.pdf AUFLIA-p-scatter-i
mprovement.eps>
(epstopdf)             \includegraphics on input line 386.
Package epstopdf Info: Output file is already uptodate.

<AUFLIA-p-scatter-improvement-eps-converted-to.pdf, id=140, 361.35pt x 252.945pt>
File: AUFLIA-p-scatter-improvement-eps-converted-to.pdf Graphic file (type pdf)

<use AUFLIA-p-scatter-improvement-eps-converted-to.pdf>
Package pdftex.def Info: AUFLIA-p-scatter-improvement-eps-converted-to.pdf used on input line 386.
(pdftex.def)             Requested size: 156.20453pt x 109.34317pt.
Package epstopdf Info: Source file: <QF_IDL-scatter-improvement.eps>
(epstopdf)                    date: 2014-10-18 10:27:01
(epstopdf)                    size: 35802 bytes
(epstopdf)             Output file: <QF_IDL-scatter-improvement-eps-converted-to.pdf>
(epstopdf)                    date: 2014-10-18 10:27:01
(epstopdf)                    size: 7023 bytes
(epstopdf)             Command: <epstopdf --outfile=QF_IDL-scatter-improvement-eps-converted-to.pdf QF_IDL-scatter-impro
vement.eps>
(epstopdf)             \includegraphics on input line 390.
Package epstopdf Info: Output file is already uptodate.

<QF_IDL-scatter-improvement-eps-converted-to.pdf, id=141, 361.35pt x 252.945pt>
File: QF_IDL-scatter-improvement-eps-converted-to.pdf Graphic file (type pdf)

<use QF_IDL-scatter-improvement-eps-converted-to.pdf>
Package pdftex.def Info: QF_IDL-scatter-improvement-eps-converted-to.pdf used on input line 390.
(pdftex.def)             Requested size: 156.20453pt x 109.34317pt.


LaTeX Warning: Float too large for page by 5.2344pt on input line 395.

[11] [12]
Overfull \hbox (2.97934pt too wide) in paragraph at lines 430--431
[]\OT1/cmr/m/n/9 The or-ga-niz-ers were sup-ported by their re-spec-tive in-sti-tu-tions (Gram-
 []

[13] (C:\cygwin\home\dcok\eprojects\smtcomp\trunk\smtcomp-web\2014\reports\competition-report\SMTCOMP.bbl)
Package atveryend Info: Empty hook `BeforeClearDocument' on input line 448.
 [14] [15]
[16] [17 <C:/cygwin/home/dcok/eprojects/smtcomp/trunk/smtcomp-web/2014/reports/competition-report/QF_BV-scatter-improvem
ent-eps-converted-to.pdf> <C:/cygwin/home/dcok/eprojects/smtcomp/trunk/smtcomp-web/2014/reports/competition-report/QF_AU
FBV-scatter-improvement-eps-converted-to.pdf> <C:/cygwin/home/dcok/eprojects/smtcomp/trunk/smtcomp-web/2014/reports/comp
etition-report/QF_UFLRA-scatter-improvement-eps-converted-to.pdf> <C:/cygwin/home/dcok/eprojects/smtcomp/trunk/smtcomp-w
eb/2014/reports/competition-report/QF_UFLIA-scatter-improvement-eps-converted-to.pdf> <C:/cygwin/home/dcok/eprojects/smt
comp/trunk/smtcomp-web/2014/reports/competition-report/AUFLIA+p-scatter-improvement-eps-converted-to.pdf> <C:/cygwin/hom
e/dcok/eprojects/smtcomp/trunk/smtcomp-web/2014/reports/competition-report/AUFLIA-p-scatter-improvement-eps-converted-to
.pdf> <C:/cygwin/home/dcok/eprojects/smtcomp/trunk/smtcomp-web/2014/reports/competition-report/QF_IDL-scatter-improvemen
t-eps-converted-to.pdf>]
Package atveryend Info: Empty hook `AfterLastShipout' on input line 448.

(C:\cygwin\home\dcok\eprojects\smtcomp\trunk\smtcomp-web\2014\reports\competition-report\SMTCOMP.aux)
Package atveryend Info: Executing hook `AtVeryEndDocument' on input line 448.
Package atveryend Info: Executing hook `AtEndAfterFileList' on input line 448.
Package rerunfilecheck Info: File `SMTCOMP.out' has not changed.
(rerunfilecheck)             Checksum: 4C3B9FC7868CA4284FD20736DA36C8D3;60.
Package atveryend Info: Empty hook `AtVeryVeryEnd' on input line 448.
 ) 
Here is how much of TeX's memory you used:
 6643 strings out of 494045
 102258 string characters out of 3145973
 235957 words of memory out of 3000000
 9829 multiletter control sequences out of 15000+200000
 8454 words of font info for 30 fonts, out of 3000000 for 9000
 715 hyphenation exceptions out of 8191
 42i,9n,40p,1299b,465s stack positions out of 5000i,500n,10000p,200000b,50000s
<C:/Program Files (x86)/MiKTeX 2.9/fonts/type1/public/amsfonts/cm/cmbx12.pfb><C:/Program Files (x86)/MiKTeX 2.9/fonts/
type1/public/amsfonts/cm/cmbx9.pfb><C:/Program Files (x86)/MiKTeX 2.9/fonts/type1/public/amsfonts/cm/cmmi10.pfb><C:/Prog
ram Files (x86)/MiKTeX 2.9/fonts/type1/public/amsfonts/cm/cmmi9.pfb><C:/Program Files (x86)/MiKTeX 2.9/fonts/type1/publi
c/amsfonts/cm/cmr10.pfb><C:/Program Files (x86)/MiKTeX 2.9/fonts/type1/public/amsfonts/cm/cmr6.pfb><C:/Program Files (x8
6)/MiKTeX 2.9/fonts/type1/public/amsfonts/cm/cmr7.pfb><C:/Program Files (x86)/MiKTeX 2.9/fonts/type1/public/amsfonts/cm/
cmr9.pfb><C:/Program Files (x86)/MiKTeX 2.9/fonts/type1/public/amsfonts/cm/cmsy10.pfb><C:/Program Files (x86)/MiKTeX 2.9
/fonts/type1/public/amsfonts/cm/cmsy9.pfb><C:/Program Files (x86)/MiKTeX 2.9/fonts/type1/public/amsfonts/cm/cmti10.pfb><
C:/Program Files (x86)/MiKTeX 2.9/fonts/type1/public/amsfonts/cm/cmti9.pfb><C:/Program Files (x86)/MiKTeX 2.9/fonts/type
1/public/amsfonts/cm/cmtt9.pfb>
Output written on SMTCOMP.pdf (17 pages, 314051 bytes).
PDF statistics:
 266 PDF objects out of 1000 (max. 8388607)
 61 named destinations out of 1000 (max. 500000)
 49 words of extra memory for PDF output out of 10000 (max. 10000000)

